MPASM 5.83                    BOARD1CODE.ASM   12-30-2025  21:17:01         PAGE  1


LOC  OBJECT CODE     LINE SOURCE TEXT
  VALUE

                      00001 ;******************************************************************************
                      00002 ; PROJECT: Air Conditioner (Board #1)
                      00003 ; AUTHOR: Yigit Dombayli
                      00004 ; DATE: 20.12.2025
                      00005 ;******************************************************************************
                      00006     LIST P=16F877A
                      00007     #include "P16F877A.INC"
                      00001         LIST
                      00002 
                      00003 ;==========================================================================
                      00004 ; Build date : Jan 21 2019
                      00005 ;  MPASM PIC16F877A processor include
                      00006 ; 
                      00007 ;  (c) Copyright 1999-2019 Microchip Technology, All rights reserved
                      00008 ;==========================================================================
                      00009 
                      00567         LIST
2007   3F72           00008     __CONFIG _FOSC_HS & _WDTE_OFF & _PWRTE_ON & _BOREN_ON & _LVP_OFF & _CPD_OFF & _CP_OFF
                      00009     
                      00010     ERRORLEVEL -302 ; Hide bank warnings
                      00011 
                      00012 ;------------------------------------------------------------------------------
                      00013 ; VARIABLES
                      00014 ;------------------------------------------------------------------------------
                      00015     CBLOCK 0x20
                      00016         ; Screen and Keypad vars
  00000020            00017         DIGIT_1_VAL
  00000021            00018         DIGIT_2_VAL
  00000022            00019         DIGIT_3_VAL
  00000023            00020         DIGIT_4_VAL
  00000024            00021         CURRENT_DIGIT
  00000025            00022         DISPLAY_STATE
  00000026            00023         IS_EDITING
  00000027            00024         HAS_DOT
  00000028            00025         TIMER_COUNT_L
  00000029            00026         TIMER_COUNT_H
  0000002A            00027         KEY_CODE
  0000002B            00028         INPUT_INT_VAL
  0000002C            00029         INPUT_FRAC_VAL
  0000002D            00030         CALC_TEMP
  0000002E            00031         KEY_DELAY_1
  0000002F            00032         KEY_DELAY_2
  00000030            00033         KEY_DELAY_3
  00000031            00034         TEMP_VAL
  00000032            00035         HUNDREDS
  00000033            00036         TENS
  00000034            00037         ONES
  00000035            00038         W_TEMP
  00000036            00039         STATUS_TEMP
  00000037            00040         PCLATH_TEMP
                      00041         
                      00042         ; System vars
  00000038            00043         DESIRED_TEMP_INT 
MPASM 5.83                    BOARD1CODE.ASM   12-30-2025  21:17:01         PAGE  2


LOC  OBJECT CODE     LINE SOURCE TEXT
  VALUE

  00000039            00044         DESIRED_TEMP_FRAC
  0000003A            00045         AMBIENT_TEMP_INT
  0000003B            00046         AMBIENT_TEMP_FRAC
  0000003C            00047         FAN_SPEED
  0000003D            00048         UART_RX_BUFFER
  0000003E            00049         UART_CMD_FLAG
                      00050         
                      00051         ; ADC vars
  0000003F            00052         ADC_L
  00000040            00053         ADC_H
  00000041            00054         UART_TX_SAVE ; Save var for UART
                      00055     ENDC
                      00056 
                      00057     ORG 0x000
0000   2???           00058     GOTO INIT
                      00059     
                      00060     ORG 0x004
0004   2???           00061     GOTO ISR
                      00062 
                      00063 ;------------------------------------------------------------------------------
                      00064 ; TABLE (7-SEGMENT CODES)
                      00065 ;------------------------------------------------------------------------------
                      00066     ORG 0x100
0100                  00067 GET_SEG_CODE:
0100   0782           00068     ADDWF PCL, F
0101   343F           00069     RETLW b'00111111' ; 0
0102   3406           00070     RETLW b'00000110' ; 1
0103   345B           00071     RETLW b'01011011' ; 2
0104   344F           00072     RETLW b'01001111' ; 3
0105   3466           00073     RETLW b'01100110' ; 4
0106   346D           00074     RETLW b'01101101' ; 5
0107   347D           00075     RETLW b'01111101' ; 6
0108   3407           00076     RETLW b'00000111' ; 7
0109   347F           00077     RETLW b'01111111' ; 8
010A   346F           00078     RETLW b'01101111' ; 9
010B   3400           00079     RETLW b'00000000' ; 10 (Empty)
010C   3439           00080     RETLW b'00111001' ; 11 (C)
010D   3471           00081     RETLW b'01110001' ; 12 (F)
010E   3477           00082     RETLW b'01110111' ; 13 (A)
010F   3479           00083     RETLW b'01111001' ; 14 (E)
0110   346D           00084     RETLW b'01101101' ; 15 (S)
                      00085 
                      00086 ;------------------------------------------------------------------------------
                      00087 ; INIT
                      00088 ;------------------------------------------------------------------------------
0111                  00089 INIT:
0111   1683           00090     BSF STATUS, RP0
0112   0188           00091     CLRF TRISD      ; Display Output
0113   0185           00092     CLRF TRISA      
0114   1405           00093     BSF  TRISA, 0   ; Analog Input
                      00094     
0115   30F0           00095     MOVLW b'11110000'
0116   0086           00096     MOVWF TRISB     ; Keypad
MPASM 5.83                    BOARD1CODE.ASM   12-30-2025  21:17:01         PAGE  3


LOC  OBJECT CODE     LINE SOURCE TEXT
  VALUE

                      00097     
                      00098     ; RC0=Input, RC2=Cooler, RC5=Heater, RC6=TX, RC7=RX
0117   3081           00099     MOVLW b'10000001' 
0118   0087           00100     MOVWF TRISC
                      00101 
                      00102     ; --- ADC SETUP (Right Justified) ---
                      00103     ; Bit 7 (ADFM) = 1. Result is right justified.
0119   308E           00104     MOVLW b'10001110' 
011A   009F           00105     MOVWF ADCON1
                      00106     
                      00107     ; Timer0 Setup (1:32)
011B   1381           00108     BCF OPTION_REG, 7 
011C   3084           00109     MOVLW b'10000100' 
011D   0081           00110     MOVWF OPTION_REG
                      00111     
                      00112     ; UART Setup
011E   3020           00113     MOVLW d'32'
011F   0099           00114     MOVWF SPBRG
0120   1698           00115     BSF TXSTA, TXEN
0121   1218           00116     BCF TXSTA, SYNC
0122   1118           00117     BCF TXSTA, BRGH
0123   168C           00118     BSF PIE1, RCIE
                      00119     
0124   1283           00120     BCF STATUS, RP0
                      00121     
0125   1798           00122     BSF RCSTA, SPEN
0126   1618           00123     BSF RCSTA, CREN
                      00124     
0127   3081           00125     MOVLW b'10000001' 
0128   009F           00126     MOVWF ADCON0
                      00127 
                      00128     ; Cleaning vars
0129   0185           00129     CLRF PORTA
012A   0188           00130     CLRF PORTD
012B   0187           00131     CLRF PORTC
012C   01A0           00132     CLRF DIGIT_1_VAL
012D   01A1           00133     CLRF DIGIT_2_VAL
012E   01A2           00134     CLRF DIGIT_3_VAL
012F   01A3           00135     CLRF DIGIT_4_VAL
0130   01A6           00136     CLRF IS_EDITING
0131   01A7           00137     CLRF HAS_DOT
0132   01A5           00138     CLRF DISPLAY_STATE
0133   01BE           00139     CLRF UART_CMD_FLAG
                      00140     
0134   3019           00141     MOVLW d'25'
0135   00B8           00142     MOVWF DESIRED_TEMP_INT
0136   3000           00143     MOVLW d'0'
0137   00B9           00144     MOVWF DESIRED_TEMP_FRAC
                      00145     
0138   168B           00146     BSF INTCON, T0IE
0139   170B           00147     BSF INTCON, PEIE
013A   178B           00148     BSF INTCON, GIE
                      00149     
MPASM 5.83                    BOARD1CODE.ASM   12-30-2025  21:17:01         PAGE  4


LOC  OBJECT CODE     LINE SOURCE TEXT
  VALUE

013B   2???           00150     CALL DELAY_STARTUP
                      00151 
                      00152 ;------------------------------------------------------------------------------
                      00153 ; MAIN LOOP
                      00154 ;------------------------------------------------------------------------------
013C                  00155 MAIN_LOOP:
013C   183E           00156     BTFSC UART_CMD_FLAG, 0
013D   2???           00157     CALL PROCESS_UART_CMD
                      00158     
                      00159     ; Read sensors if not editing
013E   1C26           00160     BTFSS IS_EDITING, 0
013F   2???           00161     CALL READ_SENSORS_AND_CONTROL
                      00162 
                      00163     ; Keypad Check
0140   2???           00164     CALL SCAN_KEYPAD_RAW
0141   3A0D           00165     XORLW d'13' ; 'A' Key
0142   1903           00166     BTFSC STATUS, Z
0143   2???           00167     GOTO ENTER_EDIT_MODE
                      00168     
0144   1826           00169     BTFSC IS_EDITING, 0
0145   2???           00170     GOTO MAIN_LOOP 
                      00171 
                      00172     ; Screen Update
0146   0825           00173     MOVF DISPLAY_STATE, W
0147   3C00           00174     SUBLW d'0'
0148   1903           00175     BTFSC STATUS, Z
0149   2???           00176     GOTO LOAD_DESIRED_TEMP
                      00177     
014A   0825           00178     MOVF DISPLAY_STATE, W
014B   3C01           00179     SUBLW d'1'
014C   1903           00180     BTFSC STATUS, Z
014D   2???           00181     GOTO LOAD_AMBIENT_TEMP
                      00182     
014E   0825           00183     MOVF DISPLAY_STATE, W
014F   3C02           00184     SUBLW d'2'
0150   1903           00185     BTFSC STATUS, Z
0151   2???           00186     GOTO LOAD_FAN_SPEED
                      00187     
0152   2???           00188     GOTO MAIN_LOOP
                      00189 
                      00190 ;------------------------------------------------------------------------------
                      00191 ; EDIT MODE
                      00192 ;------------------------------------------------------------------------------
0153                  00193 ENTER_EDIT_MODE:
0153   1426           00194     BSF IS_EDITING, 0
0154   01A7           00195     CLRF HAS_DOT
                      00196     
                      00197     ; Show "A"
0155   300D           00198     MOVLW d'13'
0156   00A0           00199     MOVWF DIGIT_1_VAL
0157   300A           00200     MOVLW d'10'
0158   00A1           00201     MOVWF DIGIT_2_VAL
0159   00A2           00202     MOVWF DIGIT_3_VAL
MPASM 5.83                    BOARD1CODE.ASM   12-30-2025  21:17:01         PAGE  5


LOC  OBJECT CODE     LINE SOURCE TEXT
  VALUE

015A   00A3           00203     MOVWF DIGIT_4_VAL
015B   2???           00204     CALL WAIT_KEY_RELEASE ; Wait for key release
                      00205     
                      00206     ; 1st Digit
015C   2???           00207     CALL GET_VALID_KEY
015D   00AB           00208     MOVWF INPUT_INT_VAL
015E   00A0           00209     MOVWF DIGIT_1_VAL
015F   2???           00210     CALL WAIT_KEY_RELEASE 
                      00211     
                      00212     ; 2nd Digit
0160   2???           00213     CALL GET_VALID_KEY
0161   00B1           00214     MOVWF TEMP_VAL
0162   00A1           00215     MOVWF DIGIT_2_VAL
                      00216     
                      00217     ; Calculation
0163   082B           00218     MOVF INPUT_INT_VAL, W
0164   00AD           00219     MOVWF CALC_TEMP
0165   1003           00220     BCF STATUS, C
0166   0DAD           00221     RLF CALC_TEMP, F 
0167   1003           00222     BCF STATUS, C
0168   0DAD           00223     RLF CALC_TEMP, F 
0169   082D           00224     MOVF CALC_TEMP, W
016A   07AB           00225     ADDWF INPUT_INT_VAL, F 
016B   1003           00226     BCF STATUS, C
016C   0DAB           00227     RLF INPUT_INT_VAL, F 
016D   0831           00228     MOVF TEMP_VAL, W
016E   07AB           00229     ADDWF INPUT_INT_VAL, F
016F   2???           00230     CALL WAIT_KEY_RELEASE 
                      00231     
                      00232     ; Wait for '*'
0170                  00233 WAIT_STAR:
0170   2???           00234     CALL SCAN_KEYPAD_RAW
0171   3A0E           00235     XORLW d'14'
0172   1D03           00236     BTFSS STATUS, Z
0173   2???           00237     GOTO WAIT_STAR
                      00238     
0174   1427           00239     BSF HAS_DOT, 0
0175   2???           00240     CALL WAIT_KEY_RELEASE
                      00241     
                      00242     ; 3rd Digit (Fraction)
0176   2???           00243     CALL GET_VALID_KEY
0177   00AC           00244     MOVWF INPUT_FRAC_VAL
0178   00A2           00245     MOVWF DIGIT_3_VAL
0179   2???           00246     CALL WAIT_KEY_RELEASE
                      00247     
                      00248     ; Wait for '#'
017A                  00249 WAIT_HASH:
017A   2???           00250     CALL SCAN_KEYPAD_RAW
017B   3A0F           00251     XORLW d'15'
017C   1D03           00252     BTFSS STATUS, Z
017D   2???           00253     GOTO WAIT_HASH
017E   2???           00254     CALL WAIT_KEY_RELEASE
                      00255     
MPASM 5.83                    BOARD1CODE.ASM   12-30-2025  21:17:01         PAGE  6


LOC  OBJECT CODE     LINE SOURCE TEXT
  VALUE

                      00256     ; Check Limits
017F   300A           00257     MOVLW d'10'
0180   022B           00258     SUBWF INPUT_INT_VAL, W
0181   1C03           00259     BTFSS STATUS, C
0182   2???           00260     GOTO SHOW_ERROR
0183   3033           00261     MOVLW d'51'
0184   022B           00262     SUBWF INPUT_INT_VAL, W
0185   1803           00263     BTFSC STATUS, C
0186   2???           00264     GOTO SHOW_ERROR
                      00265     
                      00266     ; Save
0187   082B           00267     MOVF INPUT_INT_VAL, W
0188   00B8           00268     MOVWF DESIRED_TEMP_INT
0189   082C           00269     MOVF INPUT_FRAC_VAL, W
018A   00B9           00270     MOVWF DESIRED_TEMP_FRAC
                      00271     
                      00272     ; Show "S" (Success)
018B   300F           00273     MOVLW d'15'
018C   00A0           00274     MOVWF DIGIT_1_VAL
018D   300A           00275     MOVLW d'10'
018E   00A1           00276     MOVWF DIGIT_2_VAL
018F   00A2           00277     MOVWF DIGIT_3_VAL
0190   00A3           00278     MOVWF DIGIT_4_VAL
                      00279     
                      00280     ; Long delay
0191   2???           00281     CALL DELAY_LONG_MSG
0192   2???           00282     GOTO EXIT_EDIT
                      00283 
0193                  00284 SHOW_ERROR:
0193   300E           00285     MOVLW d'14' ; "E"
0194   00A0           00286     MOVWF DIGIT_1_VAL
0195   300A           00287     MOVLW d'10'
0196   00A1           00288     MOVWF DIGIT_2_VAL
0197   00A2           00289     MOVWF DIGIT_3_VAL
0198   00A3           00290     MOVWF DIGIT_4_VAL
0199   2???           00291     CALL DELAY_LONG_MSG
                      00292 
019A                  00293 EXIT_EDIT:
019A   2???           00294     CALL WAIT_KEY_RELEASE
019B   1026           00295     BCF IS_EDITING, 0
019C   1027           00296     BCF HAS_DOT, 0
019D   01A5           00297     CLRF DISPLAY_STATE
019E   01A8           00298     CLRF TIMER_COUNT_L
019F   01A9           00299     CLRF TIMER_COUNT_H
                      00300     
01A0   2???           00301     CALL READ_SENSORS_AND_CONTROL
01A1   2???           00302     CALL LOAD_DESIRED_TEMP_INTERNAL
01A2   2???           00303     GOTO MAIN_LOOP
                      00304 
                      00305 ;------------------------------------------------------------------------------
                      00306 ; SENSORS & CONTROL
                      00307 ;------------------------------------------------------------------------------
01A3                  00308 READ_SENSORS_AND_CONTROL:
MPASM 5.83                    BOARD1CODE.ASM   12-30-2025  21:17:01         PAGE  7


LOC  OBJECT CODE     LINE SOURCE TEXT
  VALUE

01A3   151F           00309     BSF ADCON0, GO
01A4                  00310 WAIT_ADC:
01A4   191F           00311     BTFSC ADCON0, GO
01A5   2???           00312     GOTO WAIT_ADC
                      00313     
                      00314     ; --- 10-BIT ADC READING ---
                      00315     ; Right Justified (ADFM=1)
                      00316     
01A6   1683 1303      00317     BANKSEL ADRESL
01A8   081E           00318     MOVF ADRESL, W
01A9   1283           00319     BCF STATUS, RP0 ; Bank 0
01AA   00BF           00320     MOVWF ADC_L
                      00321     
01AB   1283 1303      00322     BANKSEL ADRESH
01AD   081E           00323     MOVF ADRESH, W
01AE   1283           00324     BCF STATUS, RP0
01AF   00C0           00325     MOVWF ADC_H
                      00326     
                      00327     ; Divide by 2 (Shift Right)
01B0   1003           00328     BCF STATUS, C
01B1   0CC0           00329     RRF ADC_H, F 
01B2   0CBF           00330     RRF ADC_L, F 
                      00331     
                      00332     ; ADC_L is now the integer part
01B3   083F           00333     MOVF ADC_L, W
01B4   00BA           00334     MOVWF AMBIENT_TEMP_INT
                      00335     
                      00336     ; Check carry for 0.5
01B5   01BB           00337     CLRF AMBIENT_TEMP_FRAC
01B6   1803           00338     BTFSC STATUS, C
01B7   2???           00339     GOTO SET_HALF_DEG
01B8   2???           00340     GOTO CHECK_FAN
                      00341     
01B9                  00342 SET_HALF_DEG:
01B9   3005           00343     MOVLW d'5'
01BA   00BB           00344     MOVWF AMBIENT_TEMP_FRAC
                      00345 
01BB                  00346 CHECK_FAN:
01BB   0838           00347     MOVF DESIRED_TEMP_INT, W
01BC   023A           00348     SUBWF AMBIENT_TEMP_INT, W 
                      00349     
01BD   1C03           00350     BTFSS STATUS, C    
01BE   2???           00351     GOTO ACTIVATE_HEATER
01BF   1903           00352     BTFSC STATUS, Z    
01C0   2???           00353     GOTO ACTIVATE_OFF
01C1   2???           00354     GOTO ACTIVATE_COOLER 
                      00355 
01C2                  00356 ACTIVATE_HEATER:
01C2   1687           00357     BSF PORTC, 5       
01C3   1107           00358     BCF PORTC, 2       
01C4   01BC           00359     CLRF FAN_SPEED
01C5   0008           00360     RETURN
                      00361 
MPASM 5.83                    BOARD1CODE.ASM   12-30-2025  21:17:01         PAGE  8


LOC  OBJECT CODE     LINE SOURCE TEXT
  VALUE

01C6                  00362 ACTIVATE_COOLER:
01C6   1287           00363     BCF PORTC, 5       
01C7   1507           00364     BSF PORTC, 2       
01C8   3032           00365     MOVLW d'50'       
01C9   00BC           00366     MOVWF FAN_SPEED
01CA   0008           00367     RETURN
                      00368 
01CB                  00369 ACTIVATE_OFF:
01CB   1287           00370     BCF PORTC, 5
01CC   1107           00371     BCF PORTC, 2
01CD   01BC           00372     CLRF FAN_SPEED
01CE   0008           00373     RETURN
                      00374 
                      00375 ;------------------------------------------------------------------------------
                      00376 ; LOAD DATA
                      00377 ;------------------------------------------------------------------------------
01CF                  00378 LOAD_DESIRED_TEMP:
01CF   2???           00379     CALL LOAD_DESIRED_TEMP_INTERNAL
01D0   2???           00380     GOTO MAIN_LOOP
01D1                  00381 LOAD_DESIRED_TEMP_INTERNAL:
01D1   0838           00382     MOVF DESIRED_TEMP_INT, W
01D2   00B1           00383     MOVWF TEMP_VAL
01D3   2???           00384     CALL BIN_TO_BCD
01D4   0833           00385     MOVF TENS, W
01D5   00A0           00386     MOVWF DIGIT_1_VAL
01D6   0834           00387     MOVF ONES, W
01D7   00A1           00388     MOVWF DIGIT_2_VAL
01D8   0839           00389     MOVF DESIRED_TEMP_FRAC, W
01D9   00A2           00390     MOVWF DIGIT_3_VAL
01DA   300A           00391     MOVLW d'10'
01DB   00A3           00392     MOVWF DIGIT_4_VAL
01DC   0008           00393     RETURN
                      00394 
01DD                  00395 LOAD_AMBIENT_TEMP:
01DD   083A           00396     MOVF AMBIENT_TEMP_INT, W
01DE   00B1           00397     MOVWF TEMP_VAL
01DF   2???           00398     CALL BIN_TO_BCD
01E0   0833           00399     MOVF TENS, W
01E1   00A0           00400     MOVWF DIGIT_1_VAL
01E2   0834           00401     MOVF ONES, W
01E3   00A1           00402     MOVWF DIGIT_2_VAL
01E4   083B           00403     MOVF AMBIENT_TEMP_FRAC, W
01E5   00A2           00404     MOVWF DIGIT_3_VAL
01E6   300B           00405     MOVLW d'11'
01E7   00A3           00406     MOVWF DIGIT_4_VAL
01E8   2???           00407     GOTO MAIN_LOOP
                      00408 
01E9                  00409 LOAD_FAN_SPEED:
01E9   083C           00410     MOVF FAN_SPEED, W
01EA   00B1           00411     MOVWF TEMP_VAL
01EB   2???           00412     CALL BIN_TO_BCD
01EC   0832           00413     MOVF HUNDREDS, W
01ED   00A0           00414     MOVWF DIGIT_1_VAL
MPASM 5.83                    BOARD1CODE.ASM   12-30-2025  21:17:01         PAGE  9


LOC  OBJECT CODE     LINE SOURCE TEXT
  VALUE

01EE   0833           00415     MOVF TENS, W
01EF   00A1           00416     MOVWF DIGIT_2_VAL
01F0   0834           00417     MOVF ONES, W
01F1   00A2           00418     MOVWF DIGIT_3_VAL
01F2   300C           00419     MOVLW d'12'
01F3   00A3           00420     MOVWF DIGIT_4_VAL
01F4   2???           00421     GOTO MAIN_LOOP
                      00422 
                      00423 ;------------------------------------------------------------------------------
                      00424 ; ISR (INTERRUPT)
                      00425 ;------------------------------------------------------------------------------
01F5                  00426 ISR:
01F5   00B5           00427     MOVWF W_TEMP
01F6   0E03           00428     SWAPF STATUS, W
01F7   00B6           00429     MOVWF STATUS_TEMP
01F8   080A           00430     MOVF PCLATH, W
01F9   00B7           00431     MOVWF PCLATH_TEMP
                      00432 
01FA   1A8C           00433     BTFSC PIR1, RCIF
01FB   2???           00434     GOTO ISR_UART
                      00435 
01FC   1D0B           00436     BTFSS INTCON, T0IF
01FD   2???           00437     GOTO EXIT_ISR
                      00438     
01FE   110B           00439     BCF INTCON, T0IF
01FF   0185           00440     CLRF PORTA
0200   0188           00441     CLRF PORTD
                      00442     
0201   1826           00443     BTFSC IS_EDITING, 0
0202   2???           00444     GOTO SKIP_TIMER
                      00445     
0203   0AA8           00446     INCF TIMER_COUNT_L, F
0204   1903           00447     BTFSC STATUS, Z
0205   0AA9           00448     INCF TIMER_COUNT_H, F
                      00449     
0206   0829           00450     MOVF TIMER_COUNT_H, W
0207   3C01           00451     SUBLW 0x01
0208   1D03           00452     BTFSS STATUS, Z
0209   2???           00453     GOTO SKIP_TIMER
020A   0828           00454     MOVF TIMER_COUNT_L, W
020B   3CF0           00455     SUBLW 0xF0
020C   1D03           00456     BTFSS STATUS, Z
020D   2???           00457     GOTO SKIP_TIMER
                      00458     
020E   01A8           00459     CLRF TIMER_COUNT_L
020F   01A9           00460     CLRF TIMER_COUNT_H
0210   0AA5           00461     INCF DISPLAY_STATE, F
0211   0825           00462     MOVF DISPLAY_STATE, W
0212   3C03           00463     SUBLW d'3'
0213   1903           00464     BTFSC STATUS, Z
0214   01A5           00465     CLRF DISPLAY_STATE
                      00466 
0215                  00467 SKIP_TIMER:
MPASM 5.83                    BOARD1CODE.ASM   12-30-2025  21:17:01         PAGE 10


LOC  OBJECT CODE     LINE SOURCE TEXT
  VALUE

0215   30??           00468     MOVLW HIGH MUX_TABLE
0216   008A           00469     MOVWF PCLATH
0217   0824           00470     MOVF CURRENT_DIGIT, W
0218   0782           00471     ADDWF PCL, F
0219                  00472 MUX_TABLE:
0219   2???           00473     GOTO SHOW_D1
021A   2???           00474     GOTO SHOW_D2
021B   2???           00475     GOTO SHOW_D3
021C   2???           00476     GOTO SHOW_D4
021D                  00477 SHOW_D1:
021D   30??           00478     MOVLW HIGH GET_SEG_CODE
021E   008A           00479     MOVWF PCLATH
021F   0820           00480     MOVF DIGIT_1_VAL, W
0220   2???           00481     CALL GET_SEG_CODE
0221   0088           00482     MOVWF PORTD
0222   1405           00483     BSF PORTA, 0
0223   0AA4           00484     INCF CURRENT_DIGIT, F
0224   2???           00485     GOTO EXIT_ISR
0225                  00486 SHOW_D2:
0225   30??           00487     MOVLW HIGH GET_SEG_CODE
0226   008A           00488     MOVWF PCLATH
0227   0821           00489     MOVF DIGIT_2_VAL, W
0228   2???           00490     CALL GET_SEG_CODE
0229   0088           00491     MOVWF PORTD
                      00492     
022A   1826           00493     BTFSC IS_EDITING, 0
022B   2???           00494     GOTO CHECK_DOT_EDIT
022C   0825           00495     MOVF DISPLAY_STATE, W
022D   3C02           00496     SUBLW d'2'
022E   1903           00497     BTFSC STATUS, Z 
022F   2???           00498     GOTO SKIP_DOT
0230   1788           00499     BSF PORTD, 7 
0231   2???           00500     GOTO SKIP_DOT
0232                  00501 CHECK_DOT_EDIT:
0232   1827           00502     BTFSC HAS_DOT, 0
0233   1788           00503     BSF PORTD, 7
0234                  00504 SKIP_DOT:
0234   1485           00505     BSF PORTA, 1
0235   0AA4           00506     INCF CURRENT_DIGIT, F
0236   2???           00507     GOTO EXIT_ISR
0237                  00508 SHOW_D3:
0237   30??           00509     MOVLW HIGH GET_SEG_CODE
0238   008A           00510     MOVWF PCLATH
0239   0822           00511     MOVF DIGIT_3_VAL, W
023A   2???           00512     CALL GET_SEG_CODE
023B   0088           00513     MOVWF PORTD
023C   1505           00514     BSF PORTA, 2
023D   0AA4           00515     INCF CURRENT_DIGIT, F
023E   2???           00516     GOTO EXIT_ISR
023F                  00517 SHOW_D4:
023F   30??           00518     MOVLW HIGH GET_SEG_CODE
0240   008A           00519     MOVWF PCLATH
0241   0823           00520     MOVF DIGIT_4_VAL, W
MPASM 5.83                    BOARD1CODE.ASM   12-30-2025  21:17:01         PAGE 11


LOC  OBJECT CODE     LINE SOURCE TEXT
  VALUE

0242   2???           00521     CALL GET_SEG_CODE
0243   0088           00522     MOVWF PORTD
0244   1585           00523     BSF PORTA, 3
0245   01A4           00524     CLRF CURRENT_DIGIT
0246   2???           00525     GOTO EXIT_ISR
                      00526 
0247                  00527 ISR_UART:
0247   081A           00528     MOVF RCREG, W
0248   00BD           00529     MOVWF UART_RX_BUFFER
0249   143E           00530     BSF UART_CMD_FLAG, 0
024A   128C           00531     BCF PIR1, RCIF
024B   2???           00532     GOTO EXIT_ISR
                      00533 
024C                  00534 EXIT_ISR:
024C   0837           00535     MOVF PCLATH_TEMP, W
024D   008A           00536     MOVWF PCLATH
024E   0E36           00537     SWAPF STATUS_TEMP, W
024F   0083           00538     MOVWF STATUS
0250   0EB5           00539     SWAPF W_TEMP, F
0251   0E35           00540     SWAPF W_TEMP, W
0252   0009           00541     RETFIE
                      00542 
                      00543 ;------------------------------------------------------------------------------
                      00544 ; KEYPAD & UART FUNCTIONS
                      00545 ;------------------------------------------------------------------------------
0253                  00546 GET_VALID_KEY:
0253                  00547 GK_WAIT_NO_KEY:
0253   2???           00548     CALL SCAN_KEYPAD_RAW
0254   3AFF           00549     XORLW 0xFF
0255   1D03           00550     BTFSS STATUS, Z
0256   2???           00551     GOTO GK_WAIT_NO_KEY
0257                  00552 GK_LOOP:
0257   2???           00553     CALL SCAN_KEYPAD_RAW
0258   00AA           00554     MOVWF KEY_CODE
0259   3AFF           00555     XORLW 0xFF
025A   1903           00556     BTFSC STATUS, Z
025B   2???           00557     GOTO GK_LOOP
025C   082A           00558     MOVF KEY_CODE, W
025D   3C09           00559     SUBLW d'9'
025E   1C03           00560     BTFSS STATUS, C
025F   2???           00561     GOTO GK_LOOP
0260   2???           00562     CALL DELAY_DEBOUNCE 
0261   082A           00563     MOVF KEY_CODE, W
0262   0008           00564     RETURN
                      00565 
0263                  00566 WAIT_KEY_RELEASE:
0263   2???           00567     CALL DELAY_DEBOUNCE
0264                  00568 WR_LOOP:
0264   2???           00569     CALL SCAN_KEYPAD_RAW
0265   3AFF           00570     XORLW 0xFF
0266   1D03           00571     BTFSS STATUS, Z
0267   2???           00572     GOTO WR_LOOP
0268   2???           00573     CALL DELAY_DEBOUNCE
MPASM 5.83                    BOARD1CODE.ASM   12-30-2025  21:17:01         PAGE 12


LOC  OBJECT CODE     LINE SOURCE TEXT
  VALUE

0269   2???           00574     CALL SCAN_KEYPAD_RAW
026A   3AFF           00575     XORLW 0xFF
026B   1D03           00576     BTFSS STATUS, Z
026C   2???           00577     GOTO WR_LOOP
026D   0008           00578     RETURN
                      00579 
026E                  00580 SCAN_KEYPAD_RAW:
026E   0186           00581     CLRF PORTB
026F   30FE           00582     MOVLW b'11111110'
0270   0086           00583     MOVWF PORTB
0271   2???           00584     CALL DELAY_SMALL
0272   1E06           00585     BTFSS PORTB, 4
0273   3401           00586     RETLW d'1'
0274   1E86           00587     BTFSS PORTB, 5
0275   3402           00588     RETLW d'2'
0276   1F06           00589     BTFSS PORTB, 6
0277   3403           00590     RETLW d'3'
0278   1F86           00591     BTFSS PORTB, 7
0279   340D           00592     RETLW d'13'
                      00593 
027A   30FD           00594     MOVLW b'11111101'
027B   0086           00595     MOVWF PORTB
027C   2???           00596     CALL DELAY_SMALL
027D   1E06           00597     BTFSS PORTB, 4
027E   3404           00598     RETLW d'4'
027F   1E86           00599     BTFSS PORTB, 5
0280   3405           00600     RETLW d'5'
0281   1F06           00601     BTFSS PORTB, 6
0282   3406           00602     RETLW d'6'
0283   1F86           00603     BTFSS PORTB, 7
0284   340B           00604     RETLW d'11'
                      00605 
0285   30FB           00606     MOVLW b'11111011'
0286   0086           00607     MOVWF PORTB
0287   2???           00608     CALL DELAY_SMALL
0288   1E06           00609     BTFSS PORTB, 4
0289   3407           00610     RETLW d'7'
028A   1E86           00611     BTFSS PORTB, 5
028B   3408           00612     RETLW d'8'
028C   1F06           00613     BTFSS PORTB, 6
028D   3409           00614     RETLW d'9'
028E   1F86           00615     BTFSS PORTB, 7
028F   340C           00616     RETLW d'12'
                      00617 
0290   30F7           00618     MOVLW b'11110111'
0291   0086           00619     MOVWF PORTB
0292   2???           00620     CALL DELAY_SMALL
0293   1E06           00621     BTFSS PORTB, 4
0294   340E           00622     RETLW d'14'
0295   1E86           00623     BTFSS PORTB, 5
0296   3400           00624     RETLW d'0'
0297   1F06           00625     BTFSS PORTB, 6
0298   340F           00626     RETLW d'15'
MPASM 5.83                    BOARD1CODE.ASM   12-30-2025  21:17:01         PAGE 13


LOC  OBJECT CODE     LINE SOURCE TEXT
  VALUE

0299   1F86           00627     BTFSS PORTB, 7
029A   340D           00628     RETLW d'13'
029B   34FF           00629     RETLW 0xFF
                      00630 
029C                  00631 PROCESS_UART_CMD:
029C   083D           00632     MOVF UART_RX_BUFFER, W
029D   00B1           00633     MOVWF TEMP_VAL
029E   1BB1           00634     BTFSC TEMP_VAL, 7
029F   2???           00635     GOTO CHECK_SET_CMDS
02A0   3031           00636     MOVLW '1'
02A1   0231           00637     SUBWF TEMP_VAL, W
02A2   1903           00638     BTFSC STATUS, Z
02A3   2???           00639     GOTO UART_GET_DES_FRAC
02A4   3032           00640     MOVLW '2'
02A5   0231           00641     SUBWF TEMP_VAL, W
02A6   1903           00642     BTFSC STATUS, Z
02A7   2???           00643     GOTO UART_GET_DES_INT
02A8   3033           00644     MOVLW '3'
02A9   0231           00645     SUBWF TEMP_VAL, W
02AA   1903           00646     BTFSC STATUS, Z
02AB   2???           00647     GOTO UART_GET_AMB_FRAC
02AC   3034           00648     MOVLW '4'
02AD   0231           00649     SUBWF TEMP_VAL, W
02AE   1903           00650     BTFSC STATUS, Z
02AF   2???           00651     GOTO UART_GET_AMB_INT
02B0   3035           00652     MOVLW '5'
02B1   0231           00653     SUBWF TEMP_VAL, W
02B2   1903           00654     BTFSC STATUS, Z
02B3   2???           00655     GOTO UART_GET_FAN
02B4   2???           00656     GOTO UART_CMD_END
02B5                  00657 CHECK_SET_CMDS:
02B5   1F31           00658     BTFSS TEMP_VAL, 6
02B6   2???           00659     GOTO UART_SET_DES_FRAC
02B7   2???           00660     GOTO UART_SET_DES_INT
02B8                  00661 UART_GET_DES_FRAC:
02B8   0839           00662     MOVF DESIRED_TEMP_FRAC, W
02B9   2???           00663     CALL UART_SEND_DECIMAL
02BA   2???           00664     GOTO UART_CMD_END
02BB                  00665 UART_GET_DES_INT:
02BB   0838           00666     MOVF DESIRED_TEMP_INT, W
02BC   2???           00667     CALL UART_SEND_DECIMAL
02BD   2???           00668     GOTO UART_CMD_END
02BE                  00669 UART_GET_AMB_FRAC:
02BE   083B           00670     MOVF AMBIENT_TEMP_FRAC, W
02BF   2???           00671     CALL UART_SEND_DECIMAL
02C0   2???           00672     GOTO UART_CMD_END
02C1                  00673 UART_GET_AMB_INT:
02C1   083A           00674     MOVF AMBIENT_TEMP_INT, W
02C2   2???           00675     CALL UART_SEND_DECIMAL
02C3   2???           00676     GOTO UART_CMD_END
02C4                  00677 UART_GET_FAN:
02C4   083C           00678     MOVF FAN_SPEED, W
02C5   2???           00679     CALL UART_SEND_DECIMAL
MPASM 5.83                    BOARD1CODE.ASM   12-30-2025  21:17:01         PAGE 14


LOC  OBJECT CODE     LINE SOURCE TEXT
  VALUE

02C6   2???           00680     GOTO UART_CMD_END
02C7                  00681 UART_SET_DES_FRAC:
02C7   0831           00682     MOVF TEMP_VAL, W
02C8   393F           00683     ANDLW b'00111111'
02C9   00B9           00684     MOVWF DESIRED_TEMP_FRAC
02CA   2???           00685     GOTO UART_CMD_END
02CB                  00686 UART_SET_DES_INT:
02CB   0831           00687     MOVF TEMP_VAL, W
02CC   393F           00688     ANDLW b'00111111'
02CD   00B8           00689     MOVWF DESIRED_TEMP_INT
02CE   2???           00690     GOTO UART_CMD_END
02CF                  00691 UART_CMD_END:
02CF   103E           00692     BCF UART_CMD_FLAG, 0
02D0   0008           00693     RETURN
                      00694 
02D1                  00695 UART_SEND_DECIMAL:
02D1   00B1           00696     MOVWF TEMP_VAL
02D2   2???           00697     CALL BIN_TO_BCD
02D3   0832           00698     MOVF HUNDREDS, W
02D4   3E30           00699     ADDLW '0'
02D5   2???           00700     CALL UART_SEND_RAW
02D6   0833           00701     MOVF TENS, W
02D7   3E30           00702     ADDLW '0'
02D8   2???           00703     CALL UART_SEND_RAW
02D9   0834           00704     MOVF ONES, W
02DA   3E30           00705     ADDLW '0'
02DB   2???           00706     CALL UART_SEND_RAW
02DC   300D           00707     MOVLW d'13'
02DD   2???           00708     CALL UART_SEND_RAW
02DE   0008           00709     RETURN
02DF                  00710 UART_SEND_RAW:
02DF   00C1           00711     MOVWF UART_TX_SAVE 
02E0                  00712 UART_SEND_WAIT:
02E0   1683           00713     BSF STATUS, RP0
02E1   1C98           00714     BTFSS TXSTA, TRMT
02E2   2???           00715     GOTO UART_SEND_WAIT
02E3   1283           00716     BCF STATUS, RP0
02E4   0841           00717     MOVF UART_TX_SAVE, W
02E5   0099           00718     MOVWF TXREG
02E6   0008           00719     RETURN
02E7                  00720 BIN_TO_BCD:
02E7   01B2           00721     CLRF HUNDREDS
02E8   01B3           00722     CLRF TENS
02E9   01B4           00723     CLRF ONES
02EA   0831           00724     MOVF TEMP_VAL, W
02EB   00B4           00725     MOVWF ONES
02EC                  00726 CHECK_HUND:
02EC   3064           00727     MOVLW d'100'
02ED   0234           00728     SUBWF ONES, W
02EE   1C03           00729     BTFSS STATUS, C
02EF   2???           00730     GOTO CHECK_TEN
02F0   00B4           00731     MOVWF ONES
02F1   0AB2           00732     INCF HUNDREDS, F
MPASM 5.83                    BOARD1CODE.ASM   12-30-2025  21:17:01         PAGE 15


LOC  OBJECT CODE     LINE SOURCE TEXT
  VALUE

02F2   2???           00733     GOTO CHECK_HUND
02F3                  00734 CHECK_TEN:
02F3   300A           00735     MOVLW d'10'
02F4   0234           00736     SUBWF ONES, W
02F5   1C03           00737     BTFSS STATUS, C
02F6   0008           00738     RETURN
02F7   00B4           00739     MOVWF ONES
02F8   0AB3           00740     INCF TENS, F
02F9   2???           00741     GOTO CHECK_TEN
                      00742 
                      00743 ; Delays
02FA                  00744 DELAY_DEBOUNCE:
02FA   30C8           00745     MOVLW d'200'
02FB   00AE           00746     MOVWF KEY_DELAY_1
02FC                  00747 DD_L1:
02FC   30FA           00748     MOVLW d'250'
02FD   00AF           00749     MOVWF KEY_DELAY_2
02FE                  00750 DD_L2:
02FE   0BAF           00751     DECFSZ KEY_DELAY_2, F
02FF   2???           00752     GOTO DD_L2
0300   0BAE           00753     DECFSZ KEY_DELAY_1, F
0301   2???           00754     GOTO DD_L1
0302   0008           00755     RETURN
                      00756 
0303                  00757 DELAY_LONG_MSG:
0303   300F           00758     MOVLW d'15'
0304   00B0           00759     MOVWF KEY_DELAY_3
0305                  00760 DM_L3:
0305   2???           00761     CALL DELAY_DEBOUNCE
0306   0BB0           00762     DECFSZ KEY_DELAY_3, F
0307   2???           00763     GOTO DM_L3
0308   0008           00764     RETURN
                      00765 
0309                  00766 DELAY_STARTUP:
0309   300A           00767     MOVLW d'10'
030A   00B0           00768     MOVWF KEY_DELAY_3
030B                  00769 DS_L0:
030B   2???           00770     CALL DELAY_DEBOUNCE
030C   0BB0           00771     DECFSZ KEY_DELAY_3, F
030D   2???           00772     GOTO DS_L0
030E   0008           00773     RETURN
                      00774 
030F                  00775 DELAY_SMALL:
030F   3032           00776     MOVLW d'50'
0310   00AF           00777     MOVWF KEY_DELAY_2
0311                  00778 DS_LOOP:
0311   0BAF           00779     DECFSZ KEY_DELAY_2, F
0312   2???           00780     GOTO DS_LOOP
0313   0008           00781     RETURN
3F72                  00782     END
MPASM 5.83                    BOARD1CODE.ASM   12-30-2025  21:17:01         PAGE 16


SYMBOL TABLE
  LABEL                             VALUE 

ACKDT                             00000005
ACKEN                             00000004
ACKSTAT                           00000006
ACTIVATE_COOLER                   000001C6
ACTIVATE_HEATER                   000001C2
ACTIVATE_OFF                      000001CB
ADCON0                            0000001F
ADCON1                            0000009F
ADCS0                             00000006
ADCS1                             00000007
ADCS2                             00000006
ADC_H                             00000040
ADC_L                             0000003F
ADDEN                             00000003
ADFM                              00000007
ADIE                              00000006
ADIF                              00000006
ADON                              00000000
ADRESH                            0000001E
ADRESL                            0000009E
AMBIENT_TEMP_FRAC                 0000003B
AMBIENT_TEMP_INT                  0000003A
BCLIE                             00000003
BCLIF                             00000003
BF                                00000000
BIN_TO_BCD                        000002E7
BRGH                              00000002
C                                 00000000
C1INV                             00000004
C1OUT                             00000006
C2INV                             00000005
C2OUT                             00000007
CALC_TEMP                         0000002D
CCP1CON                           00000017
CCP1IE                            00000002
CCP1IF                            00000002
CCP1M0                            00000000
CCP1M1                            00000001
CCP1M2                            00000002
CCP1M3                            00000003
CCP1X                             00000005
CCP1Y                             00000004
CCP2CON                           0000001D
CCP2IE                            00000000
CCP2IF                            00000000
CCP2M0                            00000000
CCP2M1                            00000001
CCP2M2                            00000002
CCP2M3                            00000003
CCP2X                             00000005
CCP2Y                             00000004
CCPR1                             00000015
CCPR1H                            00000016
MPASM 5.83                    BOARD1CODE.ASM   12-30-2025  21:17:01         PAGE 17


SYMBOL TABLE
  LABEL                             VALUE 

CCPR1L                            00000015
CCPR2                             0000001B
CCPR2H                            0000001C
CCPR2L                            0000001B
CHECK_DOT_EDIT                    00000232
CHECK_FAN                         000001BB
CHECK_HUND                        000002EC
CHECK_SET_CMDS                    000002B5
CHECK_TEN                         000002F3
CHS0                              00000003
CHS1                              00000004
CHS2                              00000005
CIS                               00000003
CKE                               00000006
CKP                               00000004
CM0                               00000000
CM1                               00000001
CM2                               00000002
CMCON                             0000009C
CMIE                              00000006
CMIF                              00000006
CREN                              00000004
CSRC                              00000007
CURRENT_DIGIT                     00000024
CVR0                              00000000
CVR1                              00000001
CVR2                              00000002
CVR3                              00000003
CVRCON                            0000009D
CVREN                             00000007
CVROE                             00000006
CVRR                              00000005
D                                 00000005
DATA_ADDRESS                      00000005
DC                                00000001
DD_L1                             000002FC
DD_L2                             000002FE
DELAY_DEBOUNCE                    000002FA
DELAY_LONG_MSG                    00000303
DELAY_SMALL                       0000030F
DELAY_STARTUP                     00000309
DESIRED_TEMP_FRAC                 00000039
DESIRED_TEMP_INT                  00000038
DIGIT_1_VAL                       00000020
DIGIT_2_VAL                       00000021
DIGIT_3_VAL                       00000022
DIGIT_4_VAL                       00000023
DISPLAY_STATE                     00000025
DM_L3                             00000305
DS_L0                             0000030B
DS_LOOP                           00000311
D_A                               00000005
D_NOT_A                           00000005
MPASM 5.83                    BOARD1CODE.ASM   12-30-2025  21:17:01         PAGE 18


SYMBOL TABLE
  LABEL                             VALUE 

EEADR                             0000010D
EEADRH                            0000010F
EECON1                            0000018C
EECON2                            0000018D
EEDATA                            0000010C
EEDATH                            0000010E
EEIE                              00000004
EEIF                              00000004
EEPGD                             00000007
ENTER_EDIT_MODE                   00000153
EXIT_EDIT                         0000019A
EXIT_ISR                          0000024C
F                                 00000001
FAN_SPEED                         0000003C
FERR                              00000002
FSR                               00000004
GCEN                              00000007
GET_SEG_CODE                      00000100
GET_VALID_KEY                     00000253
GIE                               00000007
GK_LOOP                           00000257
GK_WAIT_NO_KEY                    00000253
GO                                00000002
GO_DONE                           00000002
GO_NOT_DONE                       00000002
HAS_DOT                           00000027
HUNDREDS                          00000032
I2C_DATA                          00000005
I2C_READ                          00000002
I2C_START                         00000003
I2C_STOP                          00000004
IBF                               00000007
IBOV                              00000005
INDF                              00000000
INIT                              00000111
INPUT_FRAC_VAL                    0000002C
INPUT_INT_VAL                     0000002B
INTCON                            0000000B
INTE                              00000004
INTEDG                            00000006
INTF                              00000001
IRP                               00000007
ISR                               000001F5
ISR_UART                          00000247
IS_EDITING                        00000026
KEY_CODE                          0000002A
KEY_DELAY_1                       0000002E
KEY_DELAY_2                       0000002F
KEY_DELAY_3                       00000030
LOAD_AMBIENT_TEMP                 000001DD
LOAD_DESIRED_TEMP                 000001CF
LOAD_DESIRED_TEMP_INTERNAL        000001D1
LOAD_FAN_SPEED                    000001E9
MPASM 5.83                    BOARD1CODE.ASM   12-30-2025  21:17:01         PAGE 19


SYMBOL TABLE
  LABEL                             VALUE 

MAIN_LOOP                         0000013C
MUX_TABLE                         00000219
NOT_A                             00000005
NOT_ADDRESS                       00000005
NOT_BO                            00000000
NOT_BOR                           00000000
NOT_DONE                          00000002
NOT_PD                            00000003
NOT_POR                           00000001
NOT_RBPU                          00000007
NOT_RC8                           00000006
NOT_T1SYNC                        00000002
NOT_TO                            00000004
NOT_TX8                           00000006
NOT_W                             00000002
NOT_WRITE                         00000002
OBF                               00000006
OERR                              00000001
ONES                              00000034
OPTION_REG                        00000081
P                                 00000004
PCFG0                             00000000
PCFG1                             00000001
PCFG2                             00000002
PCFG3                             00000003
PCL                               00000002
PCLATH                            0000000A
PCLATH_TEMP                       00000037
PCON                              0000008E
PEIE                              00000006
PEN                               00000002
PIE1                              0000008C
PIE2                              0000008D
PIR1                              0000000C
PIR2                              0000000D
PORTA                             00000005
PORTB                             00000006
PORTC                             00000007
PORTD                             00000008
PORTE                             00000009
PR2                               00000092
PROCESS_UART_CMD                  0000029C
PS0                               00000000
PS1                               00000001
PS2                               00000002
PSA                               00000003
PSPIE                             00000007
PSPIF                             00000007
PSPMODE                           00000004
R                                 00000002
RA0                               00000000
RA1                               00000001
RA2                               00000002
MPASM 5.83                    BOARD1CODE.ASM   12-30-2025  21:17:01         PAGE 20


SYMBOL TABLE
  LABEL                             VALUE 

RA3                               00000003
RA4                               00000004
RA5                               00000005
RB0                               00000000
RB1                               00000001
RB2                               00000002
RB3                               00000003
RB4                               00000004
RB5                               00000005
RB6                               00000006
RB7                               00000007
RBIE                              00000003
RBIF                              00000000
RC0                               00000000
RC1                               00000001
RC2                               00000002
RC3                               00000003
RC4                               00000004
RC5                               00000005
RC6                               00000006
RC7                               00000007
RC8_9                             00000006
RC9                               00000006
RCD8                              00000000
RCEN                              00000003
RCIE                              00000005
RCIF                              00000005
RCREG                             0000001A
RCSTA                             00000018
RD                                00000000
RD0                               00000000
RD1                               00000001
RD2                               00000002
RD3                               00000003
RD4                               00000004
RD5                               00000005
RD6                               00000006
RD7                               00000007
RE0                               00000000
RE1                               00000001
RE2                               00000002
READ_SENSORS_AND_CONTROL          000001A3
READ_WRITE                        00000002
RP0                               00000005
RP1                               00000006
RSEN                              00000001
RX9                               00000006
RX9D                              00000000
R_NOT_W                           00000002
R_W                               00000002
S                                 00000003
SCAN_KEYPAD_RAW                   0000026E
SEN                               00000000
MPASM 5.83                    BOARD1CODE.ASM   12-30-2025  21:17:01         PAGE 21


SYMBOL TABLE
  LABEL                             VALUE 

SET_HALF_DEG                      000001B9
SHOW_D1                           0000021D
SHOW_D2                           00000225
SHOW_D3                           00000237
SHOW_D4                           0000023F
SHOW_ERROR                        00000193
SKIP_DOT                          00000234
SKIP_TIMER                        00000215
SMP                               00000007
SPBRG                             00000099
SPEN                              00000007
SREN                              00000005
SSPADD                            00000093
SSPBUF                            00000013
SSPCON                            00000014
SSPCON2                           00000091
SSPEN                             00000005
SSPIE                             00000003
SSPIF                             00000003
SSPM0                             00000000
SSPM1                             00000001
SSPM2                             00000002
SSPM3                             00000003
SSPOV                             00000006
SSPSTAT                           00000094
STATUS                            00000003
STATUS_TEMP                       00000036
SYNC                              00000004
T0CS                              00000005
T0IE                              00000005
T0IF                              00000002
T0SE                              00000004
T1CKPS0                           00000004
T1CKPS1                           00000005
T1CON                             00000010
T1INSYNC                          00000002
T1OSCEN                           00000003
T1SYNC                            00000002
T2CKPS0                           00000000
T2CKPS1                           00000001
T2CON                             00000012
TEMP_VAL                          00000031
TENS                              00000033
TIMER_COUNT_H                     00000029
TIMER_COUNT_L                     00000028
TMR0                              00000001
TMR0IE                            00000005
TMR0IF                            00000002
TMR1                              0000000E
TMR1CS                            00000001
TMR1H                             0000000F
TMR1IE                            00000000
TMR1IF                            00000000
MPASM 5.83                    BOARD1CODE.ASM   12-30-2025  21:17:01         PAGE 22


SYMBOL TABLE
  LABEL                             VALUE 

TMR1L                             0000000E
TMR1ON                            00000000
TMR2                              00000011
TMR2IE                            00000001
TMR2IF                            00000001
TMR2ON                            00000002
TOUTPS0                           00000003
TOUTPS1                           00000004
TOUTPS2                           00000005
TOUTPS3                           00000006
TRISA                             00000085
TRISA0                            00000000
TRISA1                            00000001
TRISA2                            00000002
TRISA3                            00000003
TRISA4                            00000004
TRISA5                            00000005
TRISB                             00000086
TRISB0                            00000000
TRISB1                            00000001
TRISB2                            00000002
TRISB3                            00000003
TRISB4                            00000004
TRISB5                            00000005
TRISB6                            00000006
TRISB7                            00000007
TRISC                             00000087
TRISC0                            00000000
TRISC1                            00000001
TRISC2                            00000002
TRISC3                            00000003
TRISC4                            00000004
TRISC5                            00000005
TRISC6                            00000006
TRISC7                            00000007
TRISD                             00000088
TRISD0                            00000000
TRISD1                            00000001
TRISD2                            00000002
TRISD3                            00000003
TRISD4                            00000004
TRISD5                            00000005
TRISD6                            00000006
TRISD7                            00000007
TRISE                             00000089
TRISE0                            00000000
TRISE1                            00000001
TRISE2                            00000002
TRMT                              00000001
TX8_9                             00000006
TX9                               00000006
TX9D                              00000000
TXD8                              00000000
MPASM 5.83                    BOARD1CODE.ASM   12-30-2025  21:17:01         PAGE 23


SYMBOL TABLE
  LABEL                             VALUE 

TXEN                              00000005
TXIE                              00000004
TXIF                              00000004
TXREG                             00000019
TXSTA                             00000098
UA                                00000001
UART_CMD_END                      000002CF
UART_CMD_FLAG                     0000003E
UART_GET_AMB_FRAC                 000002BE
UART_GET_AMB_INT                  000002C1
UART_GET_DES_FRAC                 000002B8
UART_GET_DES_INT                  000002BB
UART_GET_FAN                      000002C4
UART_RX_BUFFER                    0000003D
UART_SEND_DECIMAL                 000002D1
UART_SEND_RAW                     000002DF
UART_SEND_WAIT                    000002E0
UART_SET_DES_FRAC                 000002C7
UART_SET_DES_INT                  000002CB
UART_TX_SAVE                      00000041
W                                 00000000
WAIT_ADC                          000001A4
WAIT_HASH                         0000017A
WAIT_KEY_RELEASE                  00000263
WAIT_STAR                         00000170
WCOL                              00000007
WR                                00000001
WREN                              00000002
WRERR                             00000003
WR_LOOP                           00000264
W_TEMP                            00000035
Z                                 00000002
_BODEN_OFF                        00003FBF
_BODEN_ON                         00003FFF
_BOREN_OFF                        00003FBF
_BOREN_ON                         00003FFF
_CONFIG                           00002007
_CPD_OFF                          00003FFF
_CPD_ON                           00003EFF
_CP_ALL                           00001FFF
_CP_OFF                           00003FFF
_CP_ON                            00001FFF
_DEBUG_OFF                        00003FFF
_DEBUG_ON                         000037FF
_DEVID1                           00002006
_FOSC_EXTRC                       00003FFF
_FOSC_HS                          00003FFE
_FOSC_LP                          00003FFC
_FOSC_XT                          00003FFD
_HS_OSC                           00003FFE
_IDLOC0                           00002000
_IDLOC1                           00002001
_IDLOC2                           00002002
MPASM 5.83                    BOARD1CODE.ASM   12-30-2025  21:17:01         PAGE 24


SYMBOL TABLE
  LABEL                             VALUE 

_IDLOC3                           00002003
_LP_OSC                           00003FFC
_LVP_OFF                          00003F7F
_LVP_ON                           00003FFF
_PWRTE_OFF                        00003FFF
_PWRTE_ON                         00003FF7
_RC_OSC                           00003FFF
_WDTE_OFF                         00003FFB
_WDTE_ON                          00003FFF
_WDT_OFF                          00003FFB
_WDT_ON                           00003FFF
_WRT_1FOURTH                      00003BFF
_WRT_256                          00003DFF
_WRT_HALF                         000039FF
_WRT_OFF                          00003FFF
_XT_OSC                           00003FFD
__16F877A                         00000001

Errors   :     0
Warnings :     0 reported,     0 suppressed
Messages :     0 reported,    15 suppressed

